<?xml version='1.0' encoding='UTF-8'?>
<testsuite hostname="BOSL24470" name="ARIMA.Test1" tests="56" errors="0" failures="0" time="0.142">
                     <properties>
[...]
</properties>
                     <testcase classname="ARIMA.Test1" name="The length of phi should be 3" time="0.03">
                                                 
                                               </testcase><testcase classname="ARIMA.Test1" name="The length of theta should be 2" time="0.03">
                                                 
                                               </testcase><testcase classname="ARIMA.Test1" name="1" time="0.004">
                                                 
                                               </testcase><testcase classname="ARIMA.Test1" name="1" time="0.003">
                                                 
                                               </testcase><testcase classname="ARIMA.Test1" name="1" time="0.001">
                                                 
                                               </testcase><testcase classname="ARIMA.Test1" name="1" time="0.0">
                                                 
                                               </testcase><testcase classname="ARIMA.Test1" name="1" time="0.002">
                                                 
                                               </testcase><testcase classname="ARIMA.Test1" name="1" time="0.001">
                                                 
                                               </testcase><testcase classname="ARIMA.Test1" name="Code(pred1)" time="0.002">
                                                 
                                               </testcase><testcase classname="ARIMA.Test1" name="Code(pred2)" time="0.0">
                                                 
                                               </testcase><testcase classname="ARIMA.Test1" name="Code(pred3)" time="0.003">
                                                 
                                               </testcase><testcase classname="ARIMA.Test1" name="Code(pred4)" time="0.003">
                                                 
                                               </testcase><testcase classname="ARIMA.Test1" name="Code(pred5)" time="0.001">
                                                 
                                               </testcase><testcase classname="ARIMA.Test1" name="Code(pred6)" time="0.001">
                                                 
                                               </testcase><testcase classname="ARIMA.Test1" name="Code(pred7)" time="0.001">
                                                 
                                               </testcase><testcase classname="ARIMA.Test1" name="Code(pred8)" time="0.001">
                                                 
                                               </testcase><testcase classname="ARIMA.Test1" name="Code(pred9)" time="0.003">
                                                 
                                               </testcase><testcase classname="ARIMA.Test1" name="Code(pred10)" time="0.002">
                                                 
                                               </testcase><testcase classname="ARIMA.Test1" name="Code(pred11)" time="0.002">
                                                 
                                               </testcase><testcase classname="ARIMA.Test1" name="Code(pred12)" time="0.002">
                                                 
                                               </testcase><testcase classname="ARIMA.Test1" name="Code(sqrtMSE1)" time="0.0">
                                                 
                                               </testcase><testcase classname="ARIMA.Test1" name="Code(sqrtMSE2)" time="0.0">
                                                 
                                               </testcase><testcase classname="ARIMA.Test1" name="Code(sqrtMSE3)" time="0.0">
                                                 
                                               </testcase><testcase classname="ARIMA.Test1" name="Code(sqrtMSE4)" time="0.0">
                                                 
                                               </testcase><testcase classname="ARIMA.Test1" name="Code(sqrtMSE5)" time="0.0">
                                                 
                                               </testcase><testcase classname="ARIMA.Test1" name="Code(sqrtMSE6)" time="0.0">
                                                 
                                               </testcase><testcase classname="ARIMA.Test1" name="Code(sqrtMSE7)" time="0.0">
                                                 
                                               </testcase><testcase classname="ARIMA.Test1" name="Code(sqrtMSE8)" time="0.0">
                                                 
                                               </testcase><testcase classname="ARIMA.Test1" name="Code(sqrtMSE9)" time="0.01">
                                                 
                                               </testcase><testcase classname="ARIMA.Test1" name="Code(sqrtMSE10)" time="0.0">
                                                 
                                               </testcase><testcase classname="ARIMA.Test1" name="Code(sqrtMSE11)" time="0.0">
                                                 
                                               </testcase><testcase classname="ARIMA.Test1" name="Code(sqrtMSE12)" time="0.0">
                                                 
                                               </testcase><testcase classname="ARIMA.Test1" name="Code(l1)" time="0.0">
                                                 
                                               </testcase><testcase classname="ARIMA.Test1" name="Code(l2)" time="0.0">
                                                 
                                               </testcase><testcase classname="ARIMA.Test1" name="Code(l3)" time="0.01">
                                                 
                                               </testcase><testcase classname="ARIMA.Test1" name="Code(l4)" time="0.01">
                                                 
                                               </testcase><testcase classname="ARIMA.Test1" name="Code(l5)" time="0.0">
                                                 
                                               </testcase><testcase classname="ARIMA.Test1" name="Code(l6)" time="0.0">
                                                 
                                               </testcase><testcase classname="ARIMA.Test1" name="Code(l7)" time="0.0">
                                                 
                                               </testcase><testcase classname="ARIMA.Test1" name="Code(l8)" time="0.0">
                                                 
                                               </testcase><testcase classname="ARIMA.Test1" name="Code(l9)" time="0.0">
                                                 
                                               </testcase><testcase classname="ARIMA.Test1" name="Code(l10)" time="0.0">
                                                 
                                               </testcase><testcase classname="ARIMA.Test1" name="Code(l11)" time="0.0">
                                                 
                                               </testcase><testcase classname="ARIMA.Test1" name="Code(l12)" time="0.0">
                                                 
                                               </testcase><testcase classname="ARIMA.Test1" name="Code(r1)" time="0.0">
                                                 
                                               </testcase><testcase classname="ARIMA.Test1" name="Code(r2)" time="0.0">
                                                 
                                               </testcase><testcase classname="ARIMA.Test1" name="Code(r3)" time="0.01">
                                                 
                                               </testcase><testcase classname="ARIMA.Test1" name="Code(r4)" time="0.01">
                                                 
                                               </testcase><testcase classname="ARIMA.Test1" name="Code(r5)" time="0.0">
                                                 
                                               </testcase><testcase classname="ARIMA.Test1" name="Code(r6)" time="0.0">
                                                 
                                               </testcase><testcase classname="ARIMA.Test1" name="Code(r7)" time="0.0">
                                                 
                                               </testcase><testcase classname="ARIMA.Test1" name="Code(r8)" time="0.0">
                                                 
                                               </testcase><testcase classname="ARIMA.Test1" name="Code(r9)" time="0.0">
                                                 
                                               </testcase><testcase classname="ARIMA.Test1" name="Code(r10)" time="0.0">
                                                 
                                               </testcase><testcase classname="ARIMA.Test1" name="Code(r11)" time="0.0">
                                                 
                                               </testcase><testcase classname="ARIMA.Test1" name="Code(r12)" time="0.0">
                                                 
                                               </testcase>
                     <system-out></system-out>
                     <system-err></system-err>
                   </testsuite>